# JRE version: OpenJDK Runtime Environment Temurin-21.0.6+7 (21.0.6+7) (build 21.0.6+7-LTS)
# Java VM: OpenJDK 64-Bit Server VM Temurin-21.0.6+7 (21.0.6+7-LTS, mixed mode, sharing, tiered, compressed oops, compressed class ptrs, parallel gc, windows-amd64)
GC Precious Log:
 CardTable entry size: 512
 CPUs: 12 total, 12 available
 Memory: 16051M
 Large Page Support: Disabled
 NUMA Support: Disabled
 Compressed Oops: Enabled (32-bit)
 Alignments: Space 512K, Generation 512K, Heap 2M
 Heap Min Capacity: 100M
 Heap Initial Capacity: 100M
 Heap Max Capacity: 1G
 Pre-touch: Disabled
 Parallel Workers: 10
Heap:
 PSYoungGen      total 3072K, used 1633K [0x00000000eab00000, 0x00000000eae80000, 0x0000000100000000)
  eden space 2048K, 70% used [0x00000000eab00000,0x00000000eac686f8,0x00000000ead00000)
  from space 1024K, 18% used [0x00000000ead00000,0x00000000ead30000,0x00000000eae00000)
  to   space 512K, 0% used [0x00000000eae00000,0x00000000eae00000,0x00000000eae80000)
 ParOldGen       total 338432K, used 338316K [0x00000000c0000000, 0x00000000d4a80000, 0x00000000eab00000)
  object space 338432K, 99% used [0x00000000c0000000,0x00000000d4a63200,0x00000000d4a80000)
 Metaspace       used 77096K, committed 78720K, reserved 1179648K
  class space    used 9653K, committed 10432K, reserved 1048576K
GC Heap History (20 events):
Event: 20.180 GC heap before
{Heap before GC invocations=668 (full 4):
 PSYoungGen      total 3072K, used 3037K [0x00000000eab00000, 0x00000000eb000000, 0x0000000100000000)
  eden space 2048K, 100% used [0x00000000eab00000,0x00000000ead00000,0x00000000ead00000)
  from space 1024K, 96% used [0x00000000ead00000,0x00000000eadf75e8,0x00000000eae00000)
  to   space 1536K, 0% used [0x00000000eae80000,0x00000000eae80000,0x00000000eb000000)
 ParOldGen       total 331776K, used 331747K [0x00000000c0000000, 0x00000000d4400000, 0x00000000eab00000)
  object space 331776K, 99% used [0x00000000c0000000,0x00000000d43f8cf0,0x00000000d4400000)
 Metaspace       used 76373K, committed 77888K, reserved 1179648K
  class space    used 9579K, committed 10240K, reserved 1048576K
}
Event: 20.181 GC heap after
{Heap after GC invocations=668 (full 4):
 PSYoungGen      total 3072K, used 989K [0x00000000eab00000, 0x00000000eaf80000, 0x0000000100000000)
  eden space 2048K, 0% used [0x00000000eab00000,0x00000000eab00000,0x00000000ead00000)
  from space 1024K, 96% used [0x00000000eae80000,0x00000000eaf77630,0x00000000eaf80000)
  to   space 1024K, 0% used [0x00000000ead00000,0x00000000ead00000,0x00000000eae00000)
 ParOldGen       total 332800K, used 332561K [0x00000000c0000000, 0x00000000d4500000, 0x00000000eab00000)
  object space 332800K, 99% used [0x00000000c0000000,0x00000000d44c4508,0x00000000d4500000)
 Metaspace       used 76373K, committed 77888K, reserved 1179648K
  class space    used 9579K, committed 10240K, reserved 1048576K
}
Event: 20.222 GC heap before
{Heap before GC invocations=669 (full 4):
 PSYoungGen      total 3072K, used 3037K [0x00000000eab00000, 0x00000000eaf80000, 0x0000000100000000)
  eden space 2048K, 100% used [0x00000000eab00000,0x00000000ead00000,0x00000000ead00000)
  from space 1024K, 96% used [0x00000000eae80000,0x00000000eaf77630,0x00000000eaf80000)
  to   space 1024K, 0% used [0x00000000ead00000,0x00000000ead00000,0x00000000eae00000)
 ParOldGen       total 332800K, used 332561K [0x00000000c0000000, 0x00000000d4500000, 0x00000000eab00000)
  object space 332800K, 99% used [0x00000000c0000000,0x00000000d44c4508,0x00000000d4500000)
 Metaspace       used 76377K, committed 77888K, reserved 1179648K
  class space    used 9579K, committed 10240K, reserved 1048576K
}
Event: 20.224 GC heap after
{Heap after GC invocations=669 (full 4):
 PSYoungGen      total 3072K, used 972K [0x00000000eab00000, 0x00000000eaf00000, 0x0000000100000000)
  eden space 2048K, 0% used [0x00000000eab00000,0x00000000eab00000,0x00000000ead00000)
  from space 1024K, 94% used [0x00000000ead00000,0x00000000eadf3130,0x00000000eae00000)
  to   space 1024K, 0% used [0x00000000eae00000,0x00000000eae00000,0x00000000eaf00000)
 ParOldGen       total 333824K, used 333371K [0x00000000c0000000, 0x00000000d4600000, 0x00000000eab00000)
  object space 333824K, 99% used [0x00000000c0000000,0x00000000d458ed00,0x00000000d4600000)
 Metaspace       used 76377K, committed 77888K, reserved 1179648K
  class space    used 9579K, committed 10240K, reserved 1048576K
}
Event: 20.237 GC heap before
{Heap before GC invocations=670 (full 4):
 PSYoungGen      total 3072K, used 2969K [0x00000000eab00000, 0x00000000eaf00000, 0x0000000100000000)
  eden space 2048K, 97% used [0x00000000eab00000,0x00000000eacf3598,0x00000000ead00000)
  from space 1024K, 94% used [0x00000000ead00000,0x00000000eadf3130,0x00000000eae00000)
  to   space 1024K, 0% used [0x00000000eae00000,0x00000000eae00000,0x00000000eaf00000)
 ParOldGen       total 333824K, used 333371K [0x00000000c0000000, 0x00000000d4600000, 0x00000000eab00000)
  object space 333824K, 99% used [0x00000000c0000000,0x00000000d458ed00,0x00000000d4600000)
 Metaspace       used 76449K, committed 77952K, reserved 1179648K
  class space    used 9589K, committed 10240K, reserved 1048576K
}
Event: 20.238 GC heap after
{Heap after GC invocations=670 (full 4):
 PSYoungGen      total 3072K, used 835K [0x00000000eab00000, 0x00000000eaf00000, 0x0000000100000000)
  eden space 2048K, 0% used [0x00000000eab00000,0x00000000eab00000,0x00000000ead00000)
  from space 1024K, 81% used [0x00000000eae00000,0x00000000eaed0eb0,0x00000000eaf00000)
  to   space 1024K, 0% used [0x00000000ead00000,0x00000000ead00000,0x00000000eae00000)
 ParOldGen       total 334336K, used 334020K [0x00000000c0000000, 0x00000000d4680000, 0x00000000eab00000)
  object space 334336K, 99% used [0x00000000c0000000,0x00000000d46313c8,0x00000000d4680000)
 Metaspace       used 76449K, committed 77952K, reserved 1179648K
  class space    used 9589K, committed 10240K, reserved 1048576K
}
Event: 20.253 GC heap before
{Heap before GC invocations=671 (full 4):
 PSYoungGen      total 3072K, used 2883K [0x00000000eab00000, 0x00000000eaf00000, 0x0000000100000000)
  eden space 2048K, 100% used [0x00000000eab00000,0x00000000ead00000,0x00000000ead00000)
  from space 1024K, 81% used [0x00000000eae00000,0x00000000eaed0eb0,0x00000000eaf00000)
  to   space 1024K, 0% used [0x00000000ead00000,0x00000000ead00000,0x00000000eae00000)
 ParOldGen       total 334336K, used 334020K [0x00000000c0000000, 0x00000000d4680000, 0x00000000eab00000)
  object space 334336K, 99% used [0x00000000c0000000,0x00000000d46313c8,0x00000000d4680000)
 Metaspace       used 76513K, committed 78016K, reserved 1179648K
  class space    used 9593K, committed 10240K, reserved 1048576K
}
Event: 20.253 GC heap after
{Heap after GC invocations=671 (full 4):
 PSYoungGen      total 3072K, used 789K [0x00000000eab00000, 0x00000000eaf00000, 0x0000000100000000)
  eden space 2048K, 0% used [0x00000000eab00000,0x00000000eab00000,0x00000000ead00000)
  from space 1024K, 77% used [0x00000000ead00000,0x00000000eadc5400,0x00000000eae00000)
  to   space 1024K, 0% used [0x00000000eae00000,0x00000000eae00000,0x00000000eaf00000)
 ParOldGen       total 334848K, used 334674K [0x00000000c0000000, 0x00000000d4700000, 0x00000000eab00000)
  object space 334848K, 99% used [0x00000000c0000000,0x00000000d46d48c0,0x00000000d4700000)
 Metaspace       used 76513K, committed 78016K, reserved 1179648K
  class space    used 9593K, committed 10240K, reserved 1048576K
}
Event: 20.284 GC heap before
{Heap before GC invocations=672 (full 4):
 PSYoungGen      total 3072K, used 2825K [0x00000000eab00000, 0x00000000eaf00000, 0x0000000100000000)
  eden space 2048K, 99% used [0x00000000eab00000,0x00000000eacfd3f8,0x00000000ead00000)
  from space 1024K, 77% used [0x00000000ead00000,0x00000000eadc5400,0x00000000eae00000)
  to   space 1024K, 0% used [0x00000000eae00000,0x00000000eae00000,0x00000000eaf00000)
 ParOldGen       total 334848K, used 334674K [0x00000000c0000000, 0x00000000d4700000, 0x00000000eab00000)
  object space 334848K, 99% used [0x00000000c0000000,0x00000000d46d48c0,0x00000000d4700000)
 Metaspace       used 76513K, committed 78016K, reserved 1179648K
  class space    used 9593K, committed 10240K, reserved 1048576K
}
Event: 20.285 GC heap after
{Heap after GC invocations=672 (full 4):
 PSYoungGen      total 3072K, used 739K [0x00000000eab00000, 0x00000000eaf00000, 0x0000000100000000)
  eden space 2048K, 0% used [0x00000000eab00000,0x00000000eab00000,0x00000000ead00000)
  from space 1024K, 72% used [0x00000000eae00000,0x00000000eaeb8c00,0x00000000eaf00000)
  to   space 1024K, 0% used [0x00000000ead00000,0x00000000ead00000,0x00000000eae00000)
 ParOldGen       total 335360K, used 335325K [0x00000000c0000000, 0x00000000d4780000, 0x00000000eab00000)
  object space 335360K, 99% used [0x00000000c0000000,0x00000000d4777698,0x00000000d4780000)
 Metaspace       used 76513K, committed 78016K, reserved 1179648K
  class space    used 9593K, committed 10240K, reserved 1048576K
}
Event: 20.303 GC heap before
{Heap before GC invocations=673 (full 4):
 PSYoungGen      total 3072K, used 2787K [0x00000000eab00000, 0x00000000eaf00000, 0x0000000100000000)
  eden space 2048K, 100% used [0x00000000eab00000,0x00000000ead00000,0x00000000ead00000)
  from space 1024K, 72% used [0x00000000eae00000,0x00000000eaeb8c00,0x00000000eaf00000)
  to   space 1024K, 0% used [0x00000000ead00000,0x00000000ead00000,0x00000000eae00000)
 ParOldGen       total 335360K, used 335325K [0x00000000c0000000, 0x00000000d4780000, 0x00000000eab00000)
  object space 335360K, 99% used [0x00000000c0000000,0x00000000d4777698,0x00000000d4780000)
 Metaspace       used 76513K, committed 78016K, reserved 1179648K
  class space    used 9593K, committed 10240K, reserved 1048576K
}
Event: 20.304 GC heap after
{Heap after GC invocations=673 (full 4):
 PSYoungGen      total 3072K, used 857K [0x00000000eab00000, 0x00000000eaf00000, 0x0000000100000000)
  eden space 2048K, 0% used [0x00000000eab00000,0x00000000eab00000,0x00000000ead00000)
  from space 1024K, 83% used [0x00000000ead00000,0x00000000eadd67a0,0x00000000eae00000)
  to   space 1024K, 0% used [0x00000000eae00000,0x00000000eae00000,0x00000000eaf00000)
 ParOldGen       total 336384K, used 335895K [0x00000000c0000000, 0x00000000d4880000, 0x00000000eab00000)
  object space 336384K, 99% used [0x00000000c0000000,0x00000000d4805d08,0x00000000d4880000)
 Metaspace       used 76513K, committed 78016K, reserved 1179648K
  class space    used 9593K, committed 10240K, reserved 1048576K
}
Event: 20.535 GC heap before
{Heap before GC invocations=674 (full 4):
 PSYoungGen      total 3072K, used 2905K [0x00000000eab00000, 0x00000000eaf00000, 0x0000000100000000)
  eden space 2048K, 99% used [0x00000000eab00000,0x00000000eacffff0,0x00000000ead00000)
  from space 1024K, 83% used [0x00000000ead00000,0x00000000eadd67a0,0x00000000eae00000)
  to   space 1024K, 0% used [0x00000000eae00000,0x00000000eae00000,0x00000000eaf00000)
 ParOldGen       total 336384K, used 335895K [0x00000000c0000000, 0x00000000d4880000, 0x00000000eab00000)
  object space 336384K, 99% used [0x00000000c0000000,0x00000000d4805d08,0x00000000d4880000)
 Metaspace       used 76517K, committed 78016K, reserved 1179648K
  class space    used 9593K, committed 10240K, reserved 1048576K
}
Event: 20.537 GC heap after
{Heap after GC invocations=674 (full 4):
 PSYoungGen      total 3072K, used 954K [0x00000000eab00000, 0x00000000eaf00000, 0x0000000100000000)
  eden space 2048K, 0% used [0x00000000eab00000,0x00000000eab00000,0x00000000ead00000)
  from space 1024K, 93% used [0x00000000eae00000,0x00000000eaeee800,0x00000000eaf00000)
  to   space 1024K, 0% used [0x00000000ead00000,0x00000000ead00000,0x00000000eae00000)
 ParOldGen       total 336896K, used 336890K [0x00000000c0000000, 0x00000000d4900000, 0x00000000eab00000)
  object space 336896K, 99% used [0x00000000c0000000,0x00000000d48feb90,0x00000000d4900000)
 Metaspace       used 76517K, committed 78016K, reserved 1179648K
  class space    used 9593K, committed 10240K, reserved 1048576K
}
Event: 20.684 GC heap before
{Heap before GC invocations=675 (full 4):
 PSYoungGen      total 3072K, used 3002K [0x00000000eab00000, 0x00000000eaf00000, 0x0000000100000000)
  eden space 2048K, 100% used [0x00000000eab00000,0x00000000ead00000,0x00000000ead00000)
  from space 1024K, 93% used [0x00000000eae00000,0x00000000eaeee800,0x00000000eaf00000)
  to   space 1024K, 0% used [0x00000000ead00000,0x00000000ead00000,0x00000000eae00000)
 ParOldGen       total 336896K, used 336890K [0x00000000c0000000, 0x00000000d4900000, 0x00000000eab00000)
  object space 336896K, 99% used [0x00000000c0000000,0x00000000d48feb90,0x00000000d4900000)
 Metaspace       used 76684K, committed 78272K, reserved 1179648K
  class space    used 9619K, committed 10368K, reserved 1048576K
}
Event: 20.685 GC heap after
{Heap after GC invocations=675 (full 4):
 PSYoungGen      total 3072K, used 224K [0x00000000eab00000, 0x00000000eae80000, 0x0000000100000000)
  eden space 2048K, 0% used [0x00000000eab00000,0x00000000eab00000,0x00000000ead00000)
  from space 1024K, 21% used [0x00000000ead00000,0x00000000ead38000,0x00000000eae00000)
  to   space 512K, 0% used [0x00000000eae00000,0x00000000eae00000,0x00000000eae80000)
 ParOldGen       total 337920K, used 337644K [0x00000000c0000000, 0x00000000d4a00000, 0x00000000eab00000)
  object space 337920K, 99% used [0x00000000c0000000,0x00000000d49bb390,0x00000000d4a00000)
 Metaspace       used 76684K, committed 78272K, reserved 1179648K
  class space    used 9619K, committed 10368K, reserved 1048576K
}
Event: 20.724 GC heap before
{Heap before GC invocations=676 (full 4):
 PSYoungGen      total 3072K, used 2267K [0x00000000eab00000, 0x00000000eae80000, 0x0000000100000000)
  eden space 2048K, 99% used [0x00000000eab00000,0x00000000eacfeef8,0x00000000ead00000)
  from space 1024K, 21% used [0x00000000ead00000,0x00000000ead38000,0x00000000eae00000)
  to   space 512K, 0% used [0x00000000eae00000,0x00000000eae00000,0x00000000eae80000)
 ParOldGen       total 337920K, used 337644K [0x00000000c0000000, 0x00000000d4a00000, 0x00000000eab00000)
  object space 337920K, 99% used [0x00000000c0000000,0x00000000d49bb390,0x00000000d4a00000)
 Metaspace       used 76883K, committed 78528K, reserved 1179648K
  class space    used 9640K, committed 10368K, reserved 1048576K
}
Event: 20.726 GC heap after
{Heap after GC invocations=676 (full 4):
 PSYoungGen      total 2560K, used 512K [0x00000000eab00000, 0x00000000eaf00000, 0x0000000100000000)
  eden space 2048K, 0% used [0x00000000eab00000,0x00000000eab00000,0x00000000ead00000)
  from space 512K, 100% used [0x00000000eae00000,0x00000000eae80000,0x00000000eae80000)
  to   space 1024K, 0% used [0x00000000ead00000,0x00000000ead00000,0x00000000eae00000)
 ParOldGen       total 337920K, used 337814K [0x00000000c0000000, 0x00000000d4a00000, 0x00000000eab00000)
  object space 337920K, 99% used [0x00000000c0000000,0x00000000d49e59c0,0x00000000d4a00000)
 Metaspace       used 76883K, committed 78528K, reserved 1179648K
  class space    used 9640K, committed 10368K, reserved 1048576K
}
Event: 20.884 GC heap before
{Heap before GC invocations=677 (full 4):
 PSYoungGen      total 2560K, used 2559K [0x00000000eab00000, 0x00000000eaf00000, 0x0000000100000000)
  eden space 2048K, 99% used [0x00000000eab00000,0x00000000eacfffc0,0x00000000ead00000)
  from space 512K, 100% used [0x00000000eae00000,0x00000000eae80000,0x00000000eae80000)
  to   space 1024K, 0% used [0x00000000ead00000,0x00000000ead00000,0x00000000eae00000)
 ParOldGen       total 337920K, used 337814K [0x00000000c0000000, 0x00000000d4a00000, 0x00000000eab00000)
  object space 337920K, 99% used [0x00000000c0000000,0x00000000d49e59c0,0x00000000d4a00000)
 Metaspace       used 77086K, committed 78720K, reserved 1179648K
  class space    used 9653K, committed 10432K, reserved 1048576K
}
Event: 20.885 GC heap after
{Heap after GC invocations=677 (full 4):
 PSYoungGen      total 3072K, used 192K [0x00000000eab00000, 0x00000000eae80000, 0x0000000100000000)
  eden space 2048K, 0% used [0x00000000eab00000,0x00000000eab00000,0x00000000ead00000)
  from space 1024K, 18% used [0x00000000ead00000,0x00000000ead30000,0x00000000eae00000)
  to   space 512K, 0% used [0x00000000eae00000,0x00000000eae00000,0x00000000eae80000)
 ParOldGen       total 338432K, used 338316K [0x00000000c0000000, 0x00000000d4a80000, 0x00000000eab00000)
  object space 338432K, 99% used [0x00000000c0000000,0x00000000d4a63200,0x00000000d4a80000)
 Metaspace       used 77086K, committed 78720K, reserved 1179648K
  class space    used 9653K, committed 10432K, reserved 1048576K
}

